<?xml version="1.0" encoding="UTF-8"?>
<!-- Generated by org.testng.reporters.JUnitXMLReporter -->
<testsuite hostname="DESKTOP-8PT0GQC" ignored="0" name="Test" tests="5" failures="0" timestamp="15 Jun 2023 08:26:00 GMT" time="0.306" errors="0">
  <testcase name="tc03" time="0.019" classname="org.dataProvider.ParallelExecution"/>
  <testcase name="tc04" time="0.019" classname="org.dataProvider.ParallelExecution"/>
  <testcase name="tc01" time="0.019" classname="org.dataProvider.ParallelExecution"/>
  <testcase name="tc05" time="0.019" classname="org.dataProvider.ParallelExecution"/>
  <testcase name="tc02" time="0.019" classname="org.dataProvider.ParallelExecution"/>
</testsuite> <!-- Test -->
